zexo-native/app/build/intermediates/manifest_merge_blame_file/userRelease/processUserReleaseMainManifest/manifest-merger-blame-user-release-report.txt
1<?xml version="1.0" encoding="utf-8"?>
2<manifest xmlns:android="http://schemas.android.com/apk/res/android"
3    package="com.zexo.app"
4    android:versionCode="6"
5    android:versionName="1.6.0" >
6
7    <uses-sdk
8        android:minSdkVersion="26"
9        android:targetSdkVersion="35" />
10
11    <uses-permission android:name="android.permission.INTERNET" />
11-->src/main/AndroidManifest.xml:5:5-67
11-->src/main/AndroidManifest.xml:5:22-64
12    <uses-permission android:name="android.permission.ACCESS_NETWORK_STATE" />
12-->src/main/AndroidManifest.xml:6:5-79
12-->src/main/AndroidManifest.xml:6:22-76
13    <uses-permission android:name="android.permission.CAMERA" />
13-->src/main/AndroidManifest.xml:7:5-65
13-->src/main/AndroidManifest.xml:7:22-62
14    <uses-permission android:name="android.permission.RECORD_AUDIO" />
14-->src/main/AndroidManifest.xml:8:5-71
14-->src/main/AndroidManifest.xml:8:22-68
15    <uses-permission android:name="android.permission.READ_EXTERNAL_STORAGE" />
15-->src/main/AndroidManifest.xml:9:5-80
15-->src/main/AndroidManifest.xml:9:22-77
16    <uses-permission android:name="android.permission.WRITE_EXTERNAL_STORAGE" />
16-->src/main/AndroidManifest.xml:10:5-81
16-->src/main/AndroidManifest.xml:10:22-78
17    <uses-permission android:name="android.permission.VIBRATE" />
17-->src/main/AndroidManifest.xml:11:5-66
17-->src/main/AndroidManifest.xml:11:22-63
18    <uses-permission android:name="android.permission.WAKE_LOCK" />
18-->src/main/AndroidManifest.xml:12:5-68
18-->src/main/AndroidManifest.xml:12:22-65
19    <uses-permission android:name="android.permission.POST_NOTIFICATIONS" />
19-->src/main/AndroidManifest.xml:13:5-77
19-->src/main/AndroidManifest.xml:13:22-74
20    <uses-permission android:name="android.permission.FOREGROUND_SERVICE" />
20-->src/main/AndroidManifest.xml:14:5-77
20-->src/main/AndroidManifest.xml:14:22-74
21    <uses-permission android:name="android.permission.FOREGROUND_SERVICE_PHONE_CALL" />
21-->src/main/AndroidManifest.xml:15:5-88
21-->src/main/AndroidManifest.xml:15:22-85
22    <uses-permission android:name="android.permission.USE_BIOMETRIC" />
22-->src/main/AndroidManifest.xml:16:5-72
22-->src/main/AndroidManifest.xml:16:22-69
23    <uses-permission android:name="android.permission.READ_PHONE_STATE" />
23-->src/main/AndroidManifest.xml:17:5-75
23-->src/main/AndroidManifest.xml:17:22-72
24    <uses-permission android:name="android.permission.MANAGE_OWN_CALLS" />
24-->src/main/AndroidManifest.xml:18:5-75
24-->src/main/AndroidManifest.xml:18:22-72
25    <uses-permission android:name="com.google.android.c2dm.permission.RECEIVE" />
25-->src/main/AndroidManifest.xml:19:5-82
25-->src/main/AndroidManifest.xml:19:22-79
26
27    <uses-feature
27-->src/main/AndroidManifest.xml:21:5-85
28        android:name="android.hardware.camera"
28-->src/main/AndroidManifest.xml:21:19-57
29        android:required="false" />
29-->src/main/AndroidManifest.xml:21:58-82
30    <uses-feature
30-->src/main/AndroidManifest.xml:22:5-95
31        android:name="android.hardware.camera.autofocus"
31-->src/main/AndroidManifest.xml:22:19-67
32        android:required="false" />
32-->src/main/AndroidManifest.xml:22:68-92
33    <!-- suppress DeprecatedClassUsageInspection -->
34    <uses-permission android:name="android.permission.USE_FINGERPRINT" />
34-->[androidx.biometric:biometric:1.1.0] AndroidManifest.xml:27:5-74
34-->[androidx.biometric:biometric:1.1.0] AndroidManifest.xml:27:22-71
35    <uses-permission android:name="com.google.android.finsky.permission.BIND_GET_INSTALL_REFERRER_SERVICE" />
35-->[com.google.android.gms:play-services-measurement:22.1.2] AndroidManifest.xml:26:5-110
35-->[com.google.android.gms:play-services-measurement:22.1.2] AndroidManifest.xml:26:22-107
36    <uses-permission android:name="com.google.android.gms.permission.AD_ID" />
36-->[com.google.android.gms:play-services-measurement-impl:22.1.2] AndroidManifest.xml:27:5-79
36-->[com.google.android.gms:play-services-measurement-impl:22.1.2] AndroidManifest.xml:27:22-76
37    <uses-permission android:name="com.google.android.providers.gsf.permission.READ_GSERVICES" />
37-->[com.google.android.recaptcha:recaptcha:18.5.1] AndroidManifest.xml:9:5-98
37-->[com.google.android.recaptcha:recaptcha:18.5.1] AndroidManifest.xml:9:22-95
38    <uses-permission android:name="android.permission.ACCESS_ADSERVICES_ATTRIBUTION" />
38-->[com.google.android.gms:play-services-measurement-api:22.1.2] AndroidManifest.xml:26:5-88
38-->[com.google.android.gms:play-services-measurement-api:22.1.2] AndroidManifest.xml:26:22-85
39    <uses-permission android:name="android.permission.ACCESS_ADSERVICES_AD_ID" />
39-->[com.google.android.gms:play-services-measurement-api:22.1.2] AndroidManifest.xml:27:5-82
39-->[com.google.android.gms:play-services-measurement-api:22.1.2] AndroidManifest.xml:27:22-79
40
41    <permission
41-->[androidx.core:core:1.15.0] AndroidManifest.xml:22:5-24:47
42        android:name="com.zexo.app.DYNAMIC_RECEIVER_NOT_EXPORTED_PERMISSION"
42-->[androidx.core:core:1.15.0] AndroidManifest.xml:23:9-81
43        android:protectionLevel="signature" />
43-->[androidx.core:core:1.15.0] AndroidManifest.xml:24:9-44
44
45    <uses-permission android:name="com.zexo.app.DYNAMIC_RECEIVER_NOT_EXPORTED_PERMISSION" />
45-->[androidx.core:core:1.15.0] AndroidManifest.xml:26:5-97
45-->[androidx.core:core:1.15.0] AndroidManifest.xml:26:22-94
46
47    <application
47-->src/main/AndroidManifest.xml:24:5-83:19
48        android:name="com.zexo.app.ZexoApp"
48-->src/main/AndroidManifest.xml:25:9-32
49        android:allowBackup="true"
49-->src/main/AndroidManifest.xml:26:9-35
50        android:appComponentFactory="androidx.core.app.CoreComponentFactory"
50-->[androidx.core:core:1.15.0] AndroidManifest.xml:28:18-86
51        android:extractNativeLibs="false"
52        android:icon="@mipmap/ic_launcher"
52-->src/main/AndroidManifest.xml:27:9-43
53        android:label="@string/app_name"
53-->src/main/AndroidManifest.xml:28:9-41
54        android:roundIcon="@mipmap/ic_launcher_round"
54-->src/main/AndroidManifest.xml:29:9-54
55        android:supportsRtl="true"
55-->src/main/AndroidManifest.xml:30:9-35
56        android:theme="@style/Theme.Zexo"
56-->src/main/AndroidManifest.xml:31:9-42
57        android:usesCleartextTraffic="false" >
57-->src/main/AndroidManifest.xml:32:9-45
58        <activity
58-->src/main/AndroidManifest.xml:35:9-44:20
59            android:name="com.zexo.app.MainActivity"
59-->src/main/AndroidManifest.xml:36:13-41
60            android:exported="true"
60-->src/main/AndroidManifest.xml:37:13-36
61            android:theme="@style/Theme.Zexo.Splash"
61-->src/main/AndroidManifest.xml:38:13-53
62            android:windowSoftInputMode="adjustResize" >
62-->src/main/AndroidManifest.xml:39:13-55
63            <intent-filter>
63-->src/main/AndroidManifest.xml:40:13-43:29
64                <action android:name="android.intent.action.MAIN" />
64-->src/main/AndroidManifest.xml:41:17-69
64-->src/main/AndroidManifest.xml:41:25-66
65
66                <category android:name="android.intent.category.LAUNCHER" />
66-->src/main/AndroidManifest.xml:42:17-77
66-->src/main/AndroidManifest.xml:42:27-74
67            </intent-filter>
68        </activity>
69        <activity
69-->src/main/AndroidManifest.xml:46:9-52:52
70            android:name="com.zexo.app.ui.screens.calls.CallActivity"
70-->src/main/AndroidManifest.xml:47:13-58
71            android:excludeFromRecents="true"
71-->src/main/AndroidManifest.xml:51:13-46
72            android:exported="false"
72-->src/main/AndroidManifest.xml:48:13-37
73            android:screenOrientation="portrait"
73-->src/main/AndroidManifest.xml:52:13-49
74            android:showOnLockScreen="true"
74-->src/main/AndroidManifest.xml:49:13-44
75            android:turnScreenOn="true" />
75-->src/main/AndroidManifest.xml:50:13-40
76
77        <service
77-->src/main/AndroidManifest.xml:54:9-57:40
78            android:name="com.zexo.app.services.CallService"
78-->src/main/AndroidManifest.xml:55:13-49
79            android:exported="false"
79-->src/main/AndroidManifest.xml:57:13-37
80            android:foregroundServiceType="phoneCall" />
80-->src/main/AndroidManifest.xml:56:13-54
81        <service
81-->src/main/AndroidManifest.xml:59:9-65:19
82            android:name="com.zexo.app.services.ZexoFirebaseMessagingService"
82-->src/main/AndroidManifest.xml:60:13-66
83            android:exported="false" >
83-->src/main/AndroidManifest.xml:61:13-37
84            <intent-filter>
84-->src/main/AndroidManifest.xml:62:13-64:29
85                <action android:name="com.google.firebase.MESSAGING_EVENT" />
85-->src/main/AndroidManifest.xml:63:17-78
85-->src/main/AndroidManifest.xml:63:25-75
86            </intent-filter>
87        </service>
88
89        <receiver
89-->src/main/AndroidManifest.xml:67:9-74:20
90            android:name="com.zexo.app.services.CallActionReceiver"
90-->src/main/AndroidManifest.xml:68:13-56
91            android:exported="false" >
91-->src/main/AndroidManifest.xml:69:13-37
92            <intent-filter>
92-->src/main/AndroidManifest.xml:70:13-73:29
93                <action android:name="com.zexo.app.ACTION_ANSWER_CALL" />
93-->src/main/AndroidManifest.xml:71:17-74
93-->src/main/AndroidManifest.xml:71:25-71
94                <action android:name="com.zexo.app.ACTION_REJECT_CALL" />
94-->src/main/AndroidManifest.xml:72:17-74
94-->src/main/AndroidManifest.xml:72:25-71
95            </intent-filter>
96        </receiver>
97
98        <meta-data
98-->src/main/AndroidManifest.xml:76:9-78:42
99            android:name="com.google.firebase.messaging.default_notification_channel_id"
99-->src/main/AndroidManifest.xml:77:13-89
100            android:value="zixo_calls" />
100-->src/main/AndroidManifest.xml:78:13-39
101        <meta-data
101-->src/main/AndroidManifest.xml:79:9-81:42
102            android:name="com.google.firebase.messaging.default_notification_channel_name"
102-->src/main/AndroidManifest.xml:80:13-91
103            android:value="Zixo Calls" />
103-->src/main/AndroidManifest.xml:81:13-39
104
105        <service
105-->[androidx.camera:camera-camera2:1.4.1] AndroidManifest.xml:24:9-33:19
106            android:name="androidx.camera.core.impl.MetadataHolderService"
106-->[androidx.camera:camera-camera2:1.4.1] AndroidManifest.xml:25:13-75
107            android:enabled="false"
107-->[androidx.camera:camera-camera2:1.4.1] AndroidManifest.xml:26:13-36
108            android:exported="false" >
108-->[androidx.camera:camera-camera2:1.4.1] AndroidManifest.xml:27:13-37
109            <meta-data
109-->[androidx.camera:camera-camera2:1.4.1] AndroidManifest.xml:30:13-32:89
110                android:name="androidx.camera.core.impl.MetadataHolderService.DEFAULT_CONFIG_PROVIDER"
110-->[androidx.camera:camera-camera2:1.4.1] AndroidManifest.xml:31:17-103
111                android:value="androidx.camera.camera2.Camera2Config$DefaultProvider" />
111-->[androidx.camera:camera-camera2:1.4.1] AndroidManifest.xml:32:17-86
112        </service>
113
114        <activity
114-->[com.google.firebase:firebase-auth:23.1.0] AndroidManifest.xml:29:9-46:20
115            android:name="com.google.firebase.auth.internal.GenericIdpActivity"
115-->[com.google.firebase:firebase-auth:23.1.0] AndroidManifest.xml:30:13-80
116            android:excludeFromRecents="true"
116-->[com.google.firebase:firebase-auth:23.1.0] AndroidManifest.xml:31:13-46
117            android:exported="true"
117-->[com.google.firebase:firebase-auth:23.1.0] AndroidManifest.xml:32:13-36
118            android:launchMode="singleTask"
118-->[com.google.firebase:firebase-auth:23.1.0] AndroidManifest.xml:33:13-44
119            android:theme="@android:style/Theme.Translucent.NoTitleBar" >
119-->[com.google.firebase:firebase-auth:23.1.0] AndroidManifest.xml:34:13-72
120            <intent-filter>
120-->[com.google.firebase:firebase-auth:23.1.0] AndroidManifest.xml:35:13-45:29
121                <action android:name="android.intent.action.VIEW" />
121-->[com.google.firebase:firebase-auth:23.1.0] AndroidManifest.xml:36:17-69
121-->[com.google.firebase:firebase-auth:23.1.0] AndroidManifest.xml:36:25-66
122
123                <category android:name="android.intent.category.DEFAULT" />
123-->[com.google.firebase:firebase-auth:23.1.0] AndroidManifest.xml:38:17-76
123-->[com.google.firebase:firebase-auth:23.1.0] AndroidManifest.xml:38:27-73
124                <category android:name="android.intent.category.BROWSABLE" />
124-->[com.google.firebase:firebase-auth:23.1.0] AndroidManifest.xml:39:17-78
124-->[com.google.firebase:firebase-auth:23.1.0] AndroidManifest.xml:39:27-75
125
126                <data
126-->[com.google.firebase:firebase-auth:23.1.0] AndroidManifest.xml:41:17-44:51
127                    android:host="firebase.auth"
127-->[com.google.firebase:firebase-auth:23.1.0] AndroidManifest.xml:42:21-49
128                    android:path="/"
128-->[com.google.firebase:firebase-auth:23.1.0] AndroidManifest.xml:43:21-37
129                    android:scheme="genericidp" />
129-->[com.google.firebase:firebase-auth:23.1.0] AndroidManifest.xml:44:21-48
130            </intent-filter>
131        </activity>
132        <activity
132-->[com.google.firebase:firebase-auth:23.1.0] AndroidManifest.xml:47:9-64:20
133            android:name="com.google.firebase.auth.internal.RecaptchaActivity"
133-->[com.google.firebase:firebase-auth:23.1.0] AndroidManifest.xml:48:13-79
134            android:excludeFromRecents="true"
134-->[com.google.firebase:firebase-auth:23.1.0] AndroidManifest.xml:49:13-46
135            android:exported="true"
135-->[com.google.firebase:firebase-auth:23.1.0] AndroidManifest.xml:50:13-36
136            android:launchMode="singleTask"
136-->[com.google.firebase:firebase-auth:23.1.0] AndroidManifest.xml:51:13-44
137            android:theme="@android:style/Theme.Translucent.NoTitleBar" >
137-->[com.google.firebase:firebase-auth:23.1.0] AndroidManifest.xml:52:13-72
138            <intent-filter>
138-->[com.google.firebase:firebase-auth:23.1.0] AndroidManifest.xml:53:13-63:29
139                <action android:name="android.intent.action.VIEW" />
139-->[com.google.firebase:firebase-auth:23.1.0] AndroidManifest.xml:36:17-69
139-->[com.google.firebase:firebase-auth:23.1.0] AndroidManifest.xml:36:25-66
140
141                <category android:name="android.intent.category.DEFAULT" />
141-->[com.google.firebase:firebase-auth:23.1.0] AndroidManifest.xml:38:17-76
141-->[com.google.firebase:firebase-auth:23.1.0] AndroidManifest.xml:38:27-73
142                <category android:name="android.intent.category.BROWSABLE" />
142-->[com.google.firebase:firebase-auth:23.1.0] AndroidManifest.xml:39:17-78
142-->[com.google.firebase:firebase-auth:23.1.0] AndroidManifest.xml:39:27-75
143
144                <data
144-->[com.google.firebase:firebase-auth:23.1.0] AndroidManifest.xml:41:17-44:51
145                    android:host="firebase.auth"
145-->[com.google.firebase:firebase-auth:23.1.0] AndroidManifest.xml:42:21-49
146                    android:path="/"
146-->[com.google.firebase:firebase-auth:23.1.0] AndroidManifest.xml:43:21-37
147                    android:scheme="recaptcha" />
147-->[com.google.firebase:firebase-auth:23.1.0] AndroidManifest.xml:44:21-48
148            </intent-filter>
149        </activity>
150
151        <service
151-->[com.google.firebase:firebase-auth:23.1.0] AndroidManifest.xml:66:9-72:19
152            android:name="com.google.firebase.components.ComponentDiscoveryService"
152-->[com.google.firebase:firebase-auth:23.1.0] AndroidManifest.xml:67:13-84
153            android:directBootAware="true"
153-->[com.google.firebase:firebase-common:21.0.0] AndroidManifest.xml:32:13-43
154            android:exported="false" >
154-->[com.google.firebase:firebase-auth:23.1.0] AndroidManifest.xml:68:13-37
155            <meta-data
155-->[com.google.firebase:firebase-auth:23.1.0] AndroidManifest.xml:69:13-71:85
156                android:name="com.google.firebase.components:com.google.firebase.auth.FirebaseAuthRegistrar"
156-->[com.google.firebase:firebase-auth:23.1.0] AndroidManifest.xml:70:17-109
157                android:value="com.google.firebase.components.ComponentRegistrar" />
157-->[com.google.firebase:firebase-auth:23.1.0] AndroidManifest.xml:71:17-82
158            <meta-data
158-->[com.google.firebase:firebase-firestore:25.1.1] AndroidManifest.xml:17:13-19:85
159                android:name="com.google.firebase.components:com.google.firebase.firestore.FirebaseFirestoreKtxRegistrar"
159-->[com.google.firebase:firebase-firestore:25.1.1] AndroidManifest.xml:18:17-122
160                android:value="com.google.firebase.components.ComponentRegistrar" />
160-->[com.google.firebase:firebase-firestore:25.1.1] AndroidManifest.xml:19:17-82
161            <meta-data
161-->[com.google.firebase:firebase-firestore:25.1.1] AndroidManifest.xml:20:13-22:85
162                android:name="com.google.firebase.components:com.google.firebase.firestore.FirestoreRegistrar"
162-->[com.google.firebase:firebase-firestore:25.1.1] AndroidManifest.xml:21:17-111
163                android:value="com.google.firebase.components.ComponentRegistrar" />
163-->[com.google.firebase:firebase-firestore:25.1.1] AndroidManifest.xml:22:17-82
164            <meta-data
164-->[com.google.firebase:firebase-messaging:24.1.0] AndroidManifest.xml:57:13-59:85
165                android:name="com.google.firebase.components:com.google.firebase.messaging.FirebaseMessagingKtxRegistrar"
165-->[com.google.firebase:firebase-messaging:24.1.0] AndroidManifest.xml:58:17-122
166                android:value="com.google.firebase.components.ComponentRegistrar" />
166-->[com.google.firebase:firebase-messaging:24.1.0] AndroidManifest.xml:59:17-82
167            <meta-data
167-->[com.google.firebase:firebase-messaging:24.1.0] AndroidManifest.xml:60:13-62:85
168                android:name="com.google.firebase.components:com.google.firebase.messaging.FirebaseMessagingRegistrar"
168-->[com.google.firebase:firebase-messaging:24.1.0] AndroidManifest.xml:61:17-119
169                android:value="com.google.firebase.components.ComponentRegistrar" />
169-->[com.google.firebase:firebase-messaging:24.1.0] AndroidManifest.xml:62:17-82
170            <meta-data
170-->[com.google.firebase:firebase-storage:21.0.1] AndroidManifest.xml:30:13-32:85
171                android:name="com.google.firebase.components:com.google.firebase.storage.FirebaseStorageKtxRegistrar"
171-->[com.google.firebase:firebase-storage:21.0.1] AndroidManifest.xml:31:17-118
172                android:value="com.google.firebase.components.ComponentRegistrar" />
172-->[com.google.firebase:firebase-storage:21.0.1] AndroidManifest.xml:32:17-82
173            <meta-data
173-->[com.google.firebase:firebase-storage:21.0.1] AndroidManifest.xml:33:13-35:85
174                android:name="com.google.firebase.components:com.google.firebase.storage.StorageRegistrar"
174-->[com.google.firebase:firebase-storage:21.0.1] AndroidManifest.xml:34:17-107
175                android:value="com.google.firebase.components.ComponentRegistrar" />
175-->[com.google.firebase:firebase-storage:21.0.1] AndroidManifest.xml:35:17-82
176            <meta-data
176-->[com.google.firebase:firebase-database:21.0.0] AndroidManifest.xml:29:13-31:85
177                android:name="com.google.firebase.components:com.google.firebase.database.FirebaseDatabaseKtxRegistrar"
177-->[com.google.firebase:firebase-database:21.0.0] AndroidManifest.xml:30:17-120
178                android:value="com.google.firebase.components.ComponentRegistrar" />
178-->[com.google.firebase:firebase-database:21.0.0] AndroidManifest.xml:31:17-82
179            <meta-data
179-->[com.google.firebase:firebase-database:21.0.0] AndroidManifest.xml:32:13-34:85
180                android:name="com.google.firebase.components:com.google.firebase.database.DatabaseRegistrar"
180-->[com.google.firebase:firebase-database:21.0.0] AndroidManifest.xml:33:17-109
181                android:value="com.google.firebase.components.ComponentRegistrar" />
181-->[com.google.firebase:firebase-database:21.0.0] AndroidManifest.xml:34:17-82
182            <meta-data
182-->[com.google.firebase:firebase-appcheck:18.0.0] AndroidManifest.xml:25:13-27:85
183                android:name="com.google.firebase.components:com.google.firebase.appcheck.FirebaseAppCheckKtxRegistrar"
183-->[com.google.firebase:firebase-appcheck:18.0.0] AndroidManifest.xml:26:17-120
184                android:value="com.google.firebase.components.ComponentRegistrar" />
184-->[com.google.firebase:firebase-appcheck:18.0.0] AndroidManifest.xml:27:17-82
185            <meta-data
185-->[com.google.firebase:firebase-appcheck:18.0.0] AndroidManifest.xml:28:13-30:85
186                android:name="com.google.firebase.components:com.google.firebase.appcheck.FirebaseAppCheckRegistrar"
186-->[com.google.firebase:firebase-appcheck:18.0.0] AndroidManifest.xml:29:17-117
187                android:value="com.google.firebase.components.ComponentRegistrar" />
187-->[com.google.firebase:firebase-appcheck:18.0.0] AndroidManifest.xml:30:17-82
188            <meta-data
188-->[com.google.android.gms:play-services-measurement-api:22.1.2] AndroidManifest.xml:37:13-39:85
189                android:name="com.google.firebase.components:com.google.firebase.analytics.connector.internal.AnalyticsConnectorRegistrar"
189-->[com.google.android.gms:play-services-measurement-api:22.1.2] AndroidManifest.xml:38:17-139
190                android:value="com.google.firebase.components.ComponentRegistrar" />
190-->[com.google.android.gms:play-services-measurement-api:22.1.2] AndroidManifest.xml:39:17-82
191            <meta-data
191-->[com.google.firebase:firebase-installations:18.0.0] AndroidManifest.xml:15:13-17:85
192                android:name="com.google.firebase.components:com.google.firebase.installations.FirebaseInstallationsKtxRegistrar"
192-->[com.google.firebase:firebase-installations:18.0.0] AndroidManifest.xml:16:17-130
193                android:value="com.google.firebase.components.ComponentRegistrar" />
193-->[com.google.firebase:firebase-installations:18.0.0] AndroidManifest.xml:17:17-82
194            <meta-data
194-->[com.google.firebase:firebase-installations:18.0.0] AndroidManifest.xml:18:13-20:85
195                android:name="com.google.firebase.components:com.google.firebase.installations.FirebaseInstallationsRegistrar"
195-->[com.google.firebase:firebase-installations:18.0.0] AndroidManifest.xml:19:17-127
196                android:value="com.google.firebase.components.ComponentRegistrar" />
196-->[com.google.firebase:firebase-installations:18.0.0] AndroidManifest.xml:20:17-82
197            <meta-data
197-->[com.google.firebase:firebase-common-ktx:21.0.0] AndroidManifest.xml:12:13-14:85
198                android:name="com.google.firebase.components:com.google.firebase.ktx.FirebaseCommonLegacyRegistrar"
198-->[com.google.firebase:firebase-common-ktx:21.0.0] AndroidManifest.xml:13:17-116
199                android:value="com.google.firebase.components.ComponentRegistrar" />
199-->[com.google.firebase:firebase-common-ktx:21.0.0] AndroidManifest.xml:14:17-82
200            <meta-data
200-->[com.google.firebase:firebase-common:21.0.0] AndroidManifest.xml:35:13-37:85
201                android:name="com.google.firebase.components:com.google.firebase.FirebaseCommonKtxRegistrar"
201-->[com.google.firebase:firebase-common:21.0.0] AndroidManifest.xml:36:17-109
202                android:value="com.google.firebase.components.ComponentRegistrar" />
202-->[com.google.firebase:firebase-common:21.0.0] AndroidManifest.xml:37:17-82
203            <meta-data
203-->[com.google.firebase:firebase-datatransport:18.2.0] AndroidManifest.xml:25:13-27:85
204                android:name="com.google.firebase.components:com.google.firebase.datatransport.TransportRegistrar"
204-->[com.google.firebase:firebase-datatransport:18.2.0] AndroidManifest.xml:26:17-115
205                android:value="com.google.firebase.components.ComponentRegistrar" />
205-->[com.google.firebase:firebase-datatransport:18.2.0] AndroidManifest.xml:27:17-82
206        </service>
207        <service
207-->[androidx.credentials:credentials-play-services-auth:1.2.0-rc01] AndroidManifest.xml:24:9-32:19
208            android:name="androidx.credentials.playservices.CredentialProviderMetadataHolder"
208-->[androidx.credentials:credentials-play-services-auth:1.2.0-rc01] AndroidManifest.xml:25:13-94
209            android:enabled="true"
209-->[androidx.credentials:credentials-play-services-auth:1.2.0-rc01] AndroidManifest.xml:26:13-35
210            android:exported="false" >
210-->[androidx.credentials:credentials-play-services-auth:1.2.0-rc01] AndroidManifest.xml:27:13-37
211            <meta-data
211-->[androidx.credentials:credentials-play-services-auth:1.2.0-rc01] AndroidManifest.xml:29:13-31:104
212                android:name="androidx.credentials.CREDENTIAL_PROVIDER_KEY"
212-->[androidx.credentials:credentials-play-services-auth:1.2.0-rc01] AndroidManifest.xml:30:17-76
213                android:value="androidx.credentials.playservices.CredentialProviderPlayServicesImpl" />
213-->[androidx.credentials:credentials-play-services-auth:1.2.0-rc01] AndroidManifest.xml:31:17-101
214        </service>
215
216        <activity
216-->[androidx.credentials:credentials-play-services-auth:1.2.0-rc01] AndroidManifest.xml:34:9-41:20
217            android:name="androidx.credentials.playservices.HiddenActivity"
217-->[androidx.credentials:credentials-play-services-auth:1.2.0-rc01] AndroidManifest.xml:35:13-76
218            android:configChanges="orientation|screenSize|screenLayout|keyboardHidden"
218-->[androidx.credentials:credentials-play-services-auth:1.2.0-rc01] AndroidManifest.xml:36:13-87
219            android:enabled="true"
219-->[androidx.credentials:credentials-play-services-auth:1.2.0-rc01] AndroidManifest.xml:37:13-35
220            android:exported="false"
220-->[androidx.credentials:credentials-play-services-auth:1.2.0-rc01] AndroidManifest.xml:38:13-37
221            android:fitsSystemWindows="true"
221-->[androidx.credentials:credentials-play-services-auth:1.2.0-rc01] AndroidManifest.xml:39:13-45
222            android:theme="@style/Theme.Hidden" >
222-->[androidx.credentials:credentials-play-services-auth:1.2.0-rc01] AndroidManifest.xml:40:13-48
223        </activity>
224        <activity
224-->[com.google.android.gms:play-services-auth:21.3.0] AndroidManifest.xml:23:9-27:75
225            android:name="com.google.android.gms.auth.api.signin.internal.SignInHubActivity"
225-->[com.google.android.gms:play-services-auth:21.3.0] AndroidManifest.xml:24:13-93
226            android:excludeFromRecents="true"
226-->[com.google.android.gms:play-services-auth:21.3.0] AndroidManifest.xml:25:13-46
227            android:exported="false"
227-->[com.google.android.gms:play-services-auth:21.3.0] AndroidManifest.xml:26:13-37
228            android:theme="@android:style/Theme.Translucent.NoTitleBar" />
228-->[com.google.android.gms:play-services-auth:21.3.0] AndroidManifest.xml:27:13-72
229        <!--
230            Service handling Google Sign-In user revocation. For apps that do not integrate with
231            Google Sign-In, this service will never be started.
232        -->
233        <service
233-->[com.google.android.gms:play-services-auth:21.3.0] AndroidManifest.xml:33:9-37:51
234            android:name="com.google.android.gms.auth.api.signin.RevocationBoundService"
234-->[com.google.android.gms:play-services-auth:21.3.0] AndroidManifest.xml:34:13-89
235            android:exported="true"
235-->[com.google.android.gms:play-services-auth:21.3.0] AndroidManifest.xml:35:13-36
236            android:permission="com.google.android.gms.auth.api.signin.permission.REVOCATION_NOTIFICATION"
236-->[com.google.android.gms:play-services-auth:21.3.0] AndroidManifest.xml:36:13-107
237            android:visibleToInstantApps="true" />
237-->[com.google.android.gms:play-services-auth:21.3.0] AndroidManifest.xml:37:13-48
238
239        <receiver
239-->[com.google.firebase:firebase-messaging:24.1.0] AndroidManifest.xml:29:9-40:20
240            android:name="com.google.firebase.iid.FirebaseInstanceIdReceiver"
240-->[com.google.firebase:firebase-messaging:24.1.0] AndroidManifest.xml:30:13-78
241            android:exported="true"
241-->[com.google.firebase:firebase-messaging:24.1.0] AndroidManifest.xml:31:13-36
242            android:permission="com.google.android.c2dm.permission.SEND" >
242-->[com.google.firebase:firebase-messaging:24.1.0] AndroidManifest.xml:32:13-73
243            <intent-filter>
243-->[com.google.firebase:firebase-messaging:24.1.0] AndroidManifest.xml:33:13-35:29
244                <action android:name="com.google.android.c2dm.intent.RECEIVE" />
244-->[com.google.firebase:firebase-messaging:24.1.0] AndroidManifest.xml:34:17-81
244-->[com.google.firebase:firebase-messaging:24.1.0] AndroidManifest.xml:34:25-78
245            </intent-filter>
246
247            <meta-data
247-->[com.google.firebase:firebase-messaging:24.1.0] AndroidManifest.xml:37:13-39:40
248                android:name="com.google.android.gms.cloudmessaging.FINISHED_AFTER_HANDLED"
248-->[com.google.firebase:firebase-messaging:24.1.0] AndroidManifest.xml:38:17-92
249                android:value="true" />
249-->[com.google.firebase:firebase-messaging:24.1.0] AndroidManifest.xml:39:17-37
250        </receiver>
251        <!--
252             FirebaseMessagingService performs security checks at runtime,
253             but set to not exported to explicitly avoid allowing another app to call it.
254        -->
255        <service
255-->[com.google.firebase:firebase-messaging:24.1.0] AndroidManifest.xml:46:9-53:19
256            android:name="com.google.firebase.messaging.FirebaseMessagingService"